2025-09-10 15:40:29 INFO  com.openisle.OpenIsleApplication - Starting OpenIsleApplication using Java 21.0.6 with PID 17120 (C:\Users\blaze\IdeaProjects\openisle\target\classes started by blaze in C:\Users\blaze\IdeaProjects\openisle)
2025-09-10 15:40:29 INFO  com.openisle.OpenIsleApplication - No active profile set, falling back to 1 default profile: "default"
2025-09-10 15:40:29 INFO  o.s.d.r.c.RepositoryConfigurationDelegate - Multiple Spring Data modules found, entering strict repository configuration mode
2025-09-10 15:40:29 INFO  o.s.d.r.c.RepositoryConfigurationDelegate - Bootstrapping Spring Data JPA repositories in DEFAULT mode.
2025-09-10 15:40:30 INFO  o.s.d.r.c.RepositoryConfigurationDelegate - Finished Spring Data repository scanning in 144 ms. Found 3 JPA repository interfaces.
2025-09-10 15:40:30 INFO  o.s.d.r.c.RepositoryConfigurationDelegate - Multiple Spring Data modules found, entering strict repository configuration mode
2025-09-10 15:40:30 INFO  o.s.d.r.c.RepositoryConfigurationDelegate - Bootstrapping Spring Data Redis repositories in DEFAULT mode.
2025-09-10 15:40:30 INFO  o.s.d.r.c.RepositoryConfigurationExtensionSupport - Spring Data Redis - Could not safely identify store assignment for repository candidate interface com.openisle.repository.CategoryRepository; If you want this repository to be a Redis repository, consider annotating your entities with one of these annotations: org.springframework.data.redis.core.RedisHash (preferred), or consider extending one of the following types with your repository: org.springframework.data.keyvalue.repository.KeyValueRepository
2025-09-10 15:40:30 INFO  o.s.d.r.c.RepositoryConfigurationExtensionSupport - Spring Data Redis - Could not safely identify store assignment for repository candidate interface com.openisle.repository.TagRepository; If you want this repository to be a Redis repository, consider annotating your entities with one of these annotations: org.springframework.data.redis.core.RedisHash (preferred), or consider extending one of the following types with your repository: org.springframework.data.keyvalue.repository.KeyValueRepository
2025-09-10 15:40:30 INFO  o.s.d.r.c.RepositoryConfigurationExtensionSupport - Spring Data Redis - Could not safely identify store assignment for repository candidate interface com.openisle.repository.UserRepository; If you want this repository to be a Redis repository, consider annotating your entities with one of these annotations: org.springframework.data.redis.core.RedisHash (preferred), or consider extending one of the following types with your repository: org.springframework.data.keyvalue.repository.KeyValueRepository
2025-09-10 15:40:30 INFO  o.s.d.r.c.RepositoryConfigurationDelegate - Finished Spring Data repository scanning in 4 ms. Found 0 Redis repository interfaces.
2025-09-10 15:40:30 INFO  o.s.b.w.e.tomcat.TomcatWebServer - Tomcat initialized with port(s): 8080 (http)
2025-09-10 15:40:30 INFO  o.a.coyote.http11.Http11NioProtocol - Initializing ProtocolHandler ["http-nio-8080"]
2025-09-10 15:40:30 INFO  o.a.catalina.core.StandardService - Starting service [Tomcat]
2025-09-10 15:40:30 INFO  o.a.catalina.core.StandardEngine - Starting Servlet engine: [Apache Tomcat/10.1.10]
2025-09-10 15:40:30 INFO  o.a.c.c.C.[Tomcat].[localhost].[/] - Initializing Spring embedded WebApplicationContext
2025-09-10 15:40:30 INFO  o.s.b.w.s.c.ServletWebServerApplicationContext - Root WebApplicationContext: initialization completed in 1501 ms
2025-09-10 15:40:30 INFO  o.h.jpa.internal.util.LogHelper - HHH000204: Processing PersistenceUnitInfo [name: default]
2025-09-10 15:40:30 INFO  org.hibernate.Version - HHH000412: Hibernate ORM core version 6.2.5.Final
2025-09-10 15:40:30 INFO  org.hibernate.cfg.Environment - HHH000406: Using bytecode reflection optimizer
2025-09-10 15:40:31 INFO  o.h.b.i.BytecodeProviderInitiator - HHH000021: Bytecode provider name : bytebuddy
2025-09-10 15:40:31 INFO  o.s.o.j.p.SpringPersistenceUnitInfo - No LoadTimeWeaver setup: ignoring JPA class transformer
2025-09-10 15:40:31 INFO  com.zaxxer.hikari.HikariDataSource - HikariPool-1 - Starting...
2025-09-10 15:40:31 INFO  com.zaxxer.hikari.pool.HikariPool - HikariPool-1 - Added connection com.mysql.cj.jdbc.ConnectionImpl@5d404a3c
2025-09-10 15:40:31 INFO  com.zaxxer.hikari.HikariDataSource - HikariPool-1 - Start completed.
2025-09-10 15:40:31 INFO  o.h.b.i.BytecodeProviderInitiator - HHH000021: Bytecode provider name : bytebuddy
2025-09-10 15:40:32 INFO  o.h.e.t.j.p.i.JtaPlatformInitiator - HHH000490: Using JtaPlatform implementation: [org.hibernate.engine.transaction.jta.platform.internal.NoJtaPlatform]
2025-09-10 15:40:32 INFO  o.s.o.j.LocalContainerEntityManagerFactoryBean - Initialized JPA EntityManagerFactory for persistence unit 'default'
2025-09-10 15:40:32 WARN  o.s.b.a.o.j.JpaBaseConfiguration$JpaWebConfiguration - spring.jpa.open-in-view is enabled by default. Therefore, database queries may be performed during view rendering. Explicitly configure spring.jpa.open-in-view to disable this warning
2025-09-10 15:40:33 INFO  o.s.d.j.r.query.QueryEnhancerFactory - Hibernate is in classpath; If applicable, HQL parser will be used.
2025-09-10 15:40:34 WARN  o.s.b.a.s.s.UserDetailsServiceAutoConfiguration - 

Using generated security password: 49ae8474-74a3-400a-87fe-cc796ee86574

This generated password is for development use only. Your security configuration must be updated before running your application in production.

2025-09-10 15:40:34 INFO  o.s.s.web.DefaultSecurityFilterChain - Will secure any request with [org.springframework.security.web.session.DisableEncodeUrlFilter@1d546842, org.springframework.security.web.context.request.async.WebAsyncManagerIntegrationFilter@7c458ad3, org.springframework.security.web.context.SecurityContextHolderFilter@3c403b36, org.springframework.security.web.header.HeaderWriterFilter@7b9866c6, org.springframework.security.web.csrf.CsrfFilter@349e6ca8, org.springframework.security.web.authentication.logout.LogoutFilter@24a6655d, org.springframework.security.web.authentication.UsernamePasswordAuthenticationFilter@2142754a, org.springframework.security.web.authentication.ui.DefaultLoginPageGeneratingFilter@5002fc11, org.springframework.security.web.authentication.ui.DefaultLogoutPageGeneratingFilter@52da1357, org.springframework.security.web.authentication.www.BasicAuthenticationFilter@f7dc1aa, org.springframework.security.web.savedrequest.RequestCacheAwareFilter@48c372db, org.springframework.security.web.servletapi.SecurityContextHolderAwareRequestFilter@554b571b, org.springframework.security.web.authentication.AnonymousAuthenticationFilter@6226a088, org.springframework.security.web.access.ExceptionTranslationFilter@1f334ce0, org.springframework.security.web.access.intercept.AuthorizationFilter@39dbea69]
2025-09-10 15:40:34 WARN  o.s.c.LocalVariableTableParameterNameDiscoverer - Using deprecated '-debug' fallback for parameter name resolution. Compile the affected code with '-parameters' instead or avoid its introspection: org.springframework.amqp.rabbit.core.RabbitAdmin
2025-09-10 15:40:34 INFO  o.a.coyote.http11.Http11NioProtocol - Starting ProtocolHandler ["http-nio-8080"]
2025-09-10 15:40:34 INFO  o.s.b.w.e.tomcat.TomcatWebServer - Tomcat started on port(s): 8080 (http) with context path ''
2025-09-10 15:40:34 INFO  com.openisle.OpenIsleApplication - Started OpenIsleApplication in 5.969 seconds (process running for 6.83)
2025-09-10 15:40:41 INFO  o.s.o.j.LocalContainerEntityManagerFactoryBean - Closing JPA EntityManagerFactory for persistence unit 'default'
2025-09-10 15:40:41 INFO  com.zaxxer.hikari.HikariDataSource - HikariPool-1 - Shutdown initiated...
2025-09-10 15:40:41 INFO  com.zaxxer.hikari.HikariDataSource - HikariPool-1 - Shutdown completed.
