2025-09-09 23:06:45 INFO  com.openisle.OpenIsleApplication - Starting OpenIsleApplication using Java 21.0.6 with PID 26384 (C:\Users\blaze\IdeaProjects\openisle\target\classes started by blaze in C:\Users\blaze\IdeaProjects\openisle)
2025-09-09 23:06:45 INFO  com.openisle.OpenIsleApplication - No active profile set, falling back to 1 default profile: "default"
2025-09-09 23:06:46 INFO  o.s.d.r.c.RepositoryConfigurationDelegate - Multiple Spring Data modules found, entering strict repository configuration mode
2025-09-09 23:06:46 INFO  o.s.d.r.c.RepositoryConfigurationDelegate - Bootstrapping Spring Data JPA repositories in DEFAULT mode.
2025-09-09 23:06:46 INFO  o.s.d.r.c.RepositoryConfigurationDelegate - Finished Spring Data repository scanning in 10 ms. Found 0 JPA repository interfaces.
2025-09-09 23:06:46 INFO  o.s.d.r.c.RepositoryConfigurationDelegate - Multiple Spring Data modules found, entering strict repository configuration mode
2025-09-09 23:06:46 INFO  o.s.d.r.c.RepositoryConfigurationDelegate - Bootstrapping Spring Data Redis repositories in DEFAULT mode.
2025-09-09 23:06:46 INFO  o.s.d.r.c.RepositoryConfigurationDelegate - Finished Spring Data repository scanning in 1 ms. Found 0 Redis repository interfaces.
2025-09-09 23:06:47 INFO  o.s.b.w.e.tomcat.TomcatWebServer - Tomcat initialized with port(s): 8080 (http)
2025-09-09 23:06:47 INFO  o.a.coyote.http11.Http11NioProtocol - Initializing ProtocolHandler ["http-nio-8080"]
2025-09-09 23:06:47 INFO  o.a.catalina.core.StandardService - Starting service [Tomcat]
2025-09-09 23:06:47 INFO  o.a.catalina.core.StandardEngine - Starting Servlet engine: [Apache Tomcat/10.1.10]
2025-09-09 23:06:47 INFO  o.a.c.c.C.[Tomcat].[localhost].[/] - Initializing Spring embedded WebApplicationContext
2025-09-09 23:06:47 INFO  o.s.b.w.s.c.ServletWebServerApplicationContext - Root WebApplicationContext: initialization completed in 1522 ms
2025-09-09 23:06:47 INFO  o.h.jpa.internal.util.LogHelper - HHH000204: Processing PersistenceUnitInfo [name: default]
2025-09-09 23:06:47 INFO  org.hibernate.Version - HHH000412: Hibernate ORM core version 6.2.5.Final
2025-09-09 23:06:47 INFO  org.hibernate.cfg.Environment - HHH000406: Using bytecode reflection optimizer
2025-09-09 23:06:47 INFO  o.h.b.i.BytecodeProviderInitiator - HHH000021: Bytecode provider name : bytebuddy
2025-09-09 23:06:47 INFO  o.s.o.j.p.SpringPersistenceUnitInfo - No LoadTimeWeaver setup: ignoring JPA class transformer
2025-09-09 23:06:47 INFO  com.zaxxer.hikari.HikariDataSource - HikariPool-1 - Starting...
2025-09-09 23:06:48 INFO  com.zaxxer.hikari.pool.HikariPool - HikariPool-1 - Added connection com.mysql.cj.jdbc.ConnectionImpl@70f5f59d
2025-09-09 23:06:48 INFO  com.zaxxer.hikari.HikariDataSource - HikariPool-1 - Start completed.
2025-09-09 23:06:48 INFO  o.h.b.i.BytecodeProviderInitiator - HHH000021: Bytecode provider name : bytebuddy
2025-09-09 23:06:48 INFO  o.h.e.t.j.p.i.JtaPlatformInitiator - HHH000490: Using JtaPlatform implementation: [org.hibernate.engine.transaction.jta.platform.internal.NoJtaPlatform]
2025-09-09 23:06:49 INFO  o.s.o.j.LocalContainerEntityManagerFactoryBean - Initialized JPA EntityManagerFactory for persistence unit 'default'
2025-09-09 23:06:49 WARN  o.s.b.a.o.j.JpaBaseConfiguration$JpaWebConfiguration - spring.jpa.open-in-view is enabled by default. Therefore, database queries may be performed during view rendering. Explicitly configure spring.jpa.open-in-view to disable this warning
2025-09-09 23:06:50 WARN  o.s.b.a.s.s.UserDetailsServiceAutoConfiguration - 

Using generated security password: 4a1dc124-d9ca-4764-8ccd-6e03b051896c

This generated password is for development use only. Your security configuration must be updated before running your application in production.

2025-09-09 23:06:50 INFO  o.s.s.web.DefaultSecurityFilterChain - Will secure any request with [org.springframework.security.web.session.DisableEncodeUrlFilter@4474c514, org.springframework.security.web.context.request.async.WebAsyncManagerIntegrationFilter@465eb466, org.springframework.security.web.context.SecurityContextHolderFilter@8ae7e03, org.springframework.security.web.header.HeaderWriterFilter@7e047d85, org.springframework.security.web.csrf.CsrfFilter@cbf9cc1, org.springframework.security.web.authentication.logout.LogoutFilter@1791670e, org.springframework.security.web.authentication.UsernamePasswordAuthenticationFilter@45f20384, org.springframework.security.web.authentication.ui.DefaultLoginPageGeneratingFilter@34c79268, org.springframework.security.web.authentication.ui.DefaultLogoutPageGeneratingFilter@5fc44b4b, org.springframework.security.web.authentication.www.BasicAuthenticationFilter@f61b92d, org.springframework.security.web.savedrequest.RequestCacheAwareFilter@6b6b4177, org.springframework.security.web.servletapi.SecurityContextHolderAwareRequestFilter@4a0161ee, org.springframework.security.web.authentication.AnonymousAuthenticationFilter@1c8e4810, org.springframework.security.web.access.ExceptionTranslationFilter@42a698bd, org.springframework.security.web.access.intercept.AuthorizationFilter@7f027735]
2025-09-09 23:06:50 WARN  o.s.c.LocalVariableTableParameterNameDiscoverer - Using deprecated '-debug' fallback for parameter name resolution. Compile the affected code with '-parameters' instead or avoid its introspection: org.springframework.amqp.rabbit.core.RabbitAdmin
2025-09-09 23:06:50 INFO  o.a.coyote.http11.Http11NioProtocol - Starting ProtocolHandler ["http-nio-8080"]
2025-09-09 23:06:50 INFO  o.s.b.w.e.tomcat.TomcatWebServer - Tomcat started on port(s): 8080 (http) with context path ''
2025-09-09 23:06:50 INFO  com.openisle.OpenIsleApplication - Started OpenIsleApplication in 5.466 seconds (process running for 6.277)
2025-09-09 23:07:01 INFO  o.s.o.j.LocalContainerEntityManagerFactoryBean - Closing JPA EntityManagerFactory for persistence unit 'default'
2025-09-09 23:07:01 INFO  com.zaxxer.hikari.HikariDataSource - HikariPool-1 - Shutdown initiated...
2025-09-09 23:07:01 INFO  com.zaxxer.hikari.HikariDataSource - HikariPool-1 - Shutdown completed.
2025-09-09 23:35:24 INFO  com.openisle.OpenIsleApplication - Starting OpenIsleApplication using Java 21.0.6 with PID 31108 (C:\Users\blaze\IdeaProjects\openisle\target\classes started by blaze in C:\Users\blaze\IdeaProjects\openisle)
2025-09-09 23:35:24 INFO  com.openisle.OpenIsleApplication - No active profile set, falling back to 1 default profile: "default"
2025-09-09 23:35:25 INFO  o.s.d.r.c.RepositoryConfigurationDelegate - Multiple Spring Data modules found, entering strict repository configuration mode
2025-09-09 23:35:25 INFO  o.s.d.r.c.RepositoryConfigurationDelegate - Bootstrapping Spring Data JPA repositories in DEFAULT mode.
2025-09-09 23:35:25 INFO  o.s.d.r.c.RepositoryConfigurationDelegate - Finished Spring Data repository scanning in 130 ms. Found 1 JPA repository interfaces.
2025-09-09 23:35:25 INFO  o.s.d.r.c.RepositoryConfigurationDelegate - Multiple Spring Data modules found, entering strict repository configuration mode
2025-09-09 23:35:25 INFO  o.s.d.r.c.RepositoryConfigurationDelegate - Bootstrapping Spring Data Redis repositories in DEFAULT mode.
2025-09-09 23:35:25 INFO  o.s.d.r.c.RepositoryConfigurationExtensionSupport - Spring Data Redis - Could not safely identify store assignment for repository candidate interface com.openisle.repository.UserRepository; If you want this repository to be a Redis repository, consider annotating your entities with one of these annotations: org.springframework.data.redis.core.RedisHash (preferred), or consider extending one of the following types with your repository: org.springframework.data.keyvalue.repository.KeyValueRepository
2025-09-09 23:35:25 INFO  o.s.d.r.c.RepositoryConfigurationDelegate - Finished Spring Data repository scanning in 3 ms. Found 0 Redis repository interfaces.
2025-09-09 23:35:25 INFO  o.s.b.w.e.tomcat.TomcatWebServer - Tomcat initialized with port(s): 8080 (http)
2025-09-09 23:35:25 INFO  o.a.coyote.http11.Http11NioProtocol - Initializing ProtocolHandler ["http-nio-8080"]
2025-09-09 23:35:25 INFO  o.a.catalina.core.StandardService - Starting service [Tomcat]
2025-09-09 23:35:25 INFO  o.a.catalina.core.StandardEngine - Starting Servlet engine: [Apache Tomcat/10.1.10]
2025-09-09 23:35:25 INFO  o.a.c.c.C.[Tomcat].[localhost].[/] - Initializing Spring embedded WebApplicationContext
2025-09-09 23:35:25 INFO  o.s.b.w.s.c.ServletWebServerApplicationContext - Root WebApplicationContext: initialization completed in 1340 ms
2025-09-09 23:35:26 INFO  o.h.jpa.internal.util.LogHelper - HHH000204: Processing PersistenceUnitInfo [name: default]
2025-09-09 23:35:26 INFO  org.hibernate.Version - HHH000412: Hibernate ORM core version 6.2.5.Final
2025-09-09 23:35:26 INFO  org.hibernate.cfg.Environment - HHH000406: Using bytecode reflection optimizer
2025-09-09 23:35:26 INFO  o.h.b.i.BytecodeProviderInitiator - HHH000021: Bytecode provider name : bytebuddy
2025-09-09 23:35:26 INFO  o.s.o.j.p.SpringPersistenceUnitInfo - No LoadTimeWeaver setup: ignoring JPA class transformer
2025-09-09 23:35:26 INFO  com.zaxxer.hikari.HikariDataSource - HikariPool-1 - Starting...
2025-09-09 23:35:26 INFO  com.zaxxer.hikari.pool.HikariPool - HikariPool-1 - Added connection com.mysql.cj.jdbc.ConnectionImpl@3fe8ad3f
2025-09-09 23:35:26 INFO  com.zaxxer.hikari.HikariDataSource - HikariPool-1 - Start completed.
2025-09-09 23:35:26 INFO  o.h.b.i.BytecodeProviderInitiator - HHH000021: Bytecode provider name : bytebuddy
2025-09-09 23:35:27 INFO  o.h.e.t.j.p.i.JtaPlatformInitiator - HHH000490: Using JtaPlatform implementation: [org.hibernate.engine.transaction.jta.platform.internal.NoJtaPlatform]
2025-09-09 23:35:27 INFO  o.s.o.j.LocalContainerEntityManagerFactoryBean - Initialized JPA EntityManagerFactory for persistence unit 'default'
2025-09-09 23:35:27 WARN  o.s.b.a.o.j.JpaBaseConfiguration$JpaWebConfiguration - spring.jpa.open-in-view is enabled by default. Therefore, database queries may be performed during view rendering. Explicitly configure spring.jpa.open-in-view to disable this warning
2025-09-09 23:35:28 INFO  o.s.d.j.r.query.QueryEnhancerFactory - Hibernate is in classpath; If applicable, HQL parser will be used.
2025-09-09 23:35:28 WARN  o.s.b.a.s.s.UserDetailsServiceAutoConfiguration - 

Using generated security password: 7c8635fd-19fc-4179-8cc2-4471d08aa516

This generated password is for development use only. Your security configuration must be updated before running your application in production.

2025-09-09 23:35:29 INFO  o.s.s.web.DefaultSecurityFilterChain - Will secure any request with [org.springframework.security.web.session.DisableEncodeUrlFilter@509cf73a, org.springframework.security.web.context.request.async.WebAsyncManagerIntegrationFilter@5aaab2b0, org.springframework.security.web.context.SecurityContextHolderFilter@2a0a5865, org.springframework.security.web.header.HeaderWriterFilter@19f19f89, org.springframework.security.web.csrf.CsrfFilter@725f1346, org.springframework.security.web.authentication.logout.LogoutFilter@5cb2a1ea, org.springframework.security.web.authentication.UsernamePasswordAuthenticationFilter@61231034, org.springframework.security.web.authentication.ui.DefaultLoginPageGeneratingFilter@213451a4, org.springframework.security.web.authentication.ui.DefaultLogoutPageGeneratingFilter@5ad98e6f, org.springframework.security.web.authentication.www.BasicAuthenticationFilter@3327337a, org.springframework.security.web.savedrequest.RequestCacheAwareFilter@1330d15e, org.springframework.security.web.servletapi.SecurityContextHolderAwareRequestFilter@610576c8, org.springframework.security.web.authentication.AnonymousAuthenticationFilter@40503088, org.springframework.security.web.access.ExceptionTranslationFilter@77480751, org.springframework.security.web.access.intercept.AuthorizationFilter@23338420]
2025-09-09 23:35:29 WARN  o.s.c.LocalVariableTableParameterNameDiscoverer - Using deprecated '-debug' fallback for parameter name resolution. Compile the affected code with '-parameters' instead or avoid its introspection: org.springframework.amqp.rabbit.core.RabbitAdmin
2025-09-09 23:35:29 INFO  o.a.coyote.http11.Http11NioProtocol - Starting ProtocolHandler ["http-nio-8080"]
2025-09-09 23:35:29 INFO  o.s.b.w.e.tomcat.TomcatWebServer - Tomcat started on port(s): 8080 (http) with context path ''
2025-09-09 23:35:29 INFO  com.openisle.OpenIsleApplication - Started OpenIsleApplication in 4.936 seconds (process running for 5.656)
2025-09-09 23:35:34 INFO  o.s.o.j.LocalContainerEntityManagerFactoryBean - Closing JPA EntityManagerFactory for persistence unit 'default'
2025-09-09 23:35:34 INFO  com.zaxxer.hikari.HikariDataSource - HikariPool-1 - Shutdown initiated...
2025-09-09 23:35:34 INFO  com.zaxxer.hikari.HikariDataSource - HikariPool-1 - Shutdown completed.
